  도서관리 프로그램.c
C:\Users\huni9\OneDrive\바탕 화면\C++\c++\OOP 단계별 프로젝트\도서관리 프로그램\도서 관리 프로그램\도서관리 프로그램.c(28,13): warning C4477: 'scanf_s' : 서식 문자열 '%24s'에 'unsigned int' 형식의 인수가 필요하지만 variadic 인수 2의 형식이 'size_t'입니다.
C:\Users\huni9\OneDrive\바탕 화면\C++\c++\OOP 단계별 프로젝트\도서관리 프로그램\도서 관리 프로그램\도서관리 프로그램.c(28,13): message : 이 인수는 버퍼 크기로 사용됩니다.
C:\Users\huni9\OneDrive\바탕 화면\C++\c++\OOP 단계별 프로젝트\도서관리 프로그램\도서 관리 프로그램\도서관리 프로그램.c(30,13): warning C4477: 'scanf_s' : 서식 문자열 '%24s'에 'unsigned int' 형식의 인수가 필요하지만 variadic 인수 2의 형식이 'size_t'입니다.
C:\Users\huni9\OneDrive\바탕 화면\C++\c++\OOP 단계별 프로젝트\도서관리 프로그램\도서 관리 프로그램\도서관리 프로그램.c(30,13): message : 이 인수는 버퍼 크기로 사용됩니다.
C:\Users\huni9\OneDrive\바탕 화면\C++\c++\OOP 단계별 프로젝트\도서관리 프로그램\도서 관리 프로그램\도서관리 프로그램.c(32,13): warning C4477: 'scanf_s' : 서식 문자열 '%24s'에 'unsigned int' 형식의 인수가 필요하지만 variadic 인수 2의 형식이 'size_t'입니다.
C:\Users\huni9\OneDrive\바탕 화면\C++\c++\OOP 단계별 프로젝트\도서관리 프로그램\도서 관리 프로그램\도서관리 프로그램.c(32,13): message : 이 인수는 버퍼 크기로 사용됩니다.
C:\Users\huni9\OneDrive\바탕 화면\C++\c++\OOP 단계별 프로젝트\도서관리 프로그램\도서 관리 프로그램\도서관리 프로그램.c(34,42): warning C4474: 'scanf_s' : 서식 문자열에 전달된 인수가 너무 많습니다.
C:\Users\huni9\OneDrive\바탕 화면\C++\c++\OOP 단계별 프로젝트\도서관리 프로그램\도서 관리 프로그램\도서관리 프로그램.c(34,42): message : 자리 표시자 및 해당 매개 변수에는 variadic 인수가 1개 필요하지만 2개가 제공되었습니다.
C:\Users\huni9\OneDrive\바탕 화면\C++\c++\OOP 단계별 프로젝트\도서관리 프로그램\도서 관리 프로그램\도서관리 프로그램.c(58,28): warning C4474: 'scanf_s' : 서식 문자열에 전달된 인수가 너무 많습니다.
C:\Users\huni9\OneDrive\바탕 화면\C++\c++\OOP 단계별 프로젝트\도서관리 프로그램\도서 관리 프로그램\도서관리 프로그램.c(58,28): message : 자리 표시자 및 해당 매개 변수에는 variadic 인수가 1개 필요하지만 2개가 제공되었습니다.
C:\Users\huni9\OneDrive\바탕 화면\C++\c++\OOP 단계별 프로젝트\도서관리 프로그램\도서 관리 프로그램\도서관리 프로그램.c(63,17): warning C4477: 'scanf_s' : 서식 문자열 '%24s'에 'unsigned int' 형식의 인수가 필요하지만 variadic 인수 2의 형식이 'size_t'입니다.
C:\Users\huni9\OneDrive\바탕 화면\C++\c++\OOP 단계별 프로젝트\도서관리 프로그램\도서 관리 프로그램\도서관리 프로그램.c(63,17): message : 이 인수는 버퍼 크기로 사용됩니다.
C:\Users\huni9\OneDrive\바탕 화면\C++\c++\OOP 단계별 프로젝트\도서관리 프로그램\도서 관리 프로그램\도서관리 프로그램.c(82,17): warning C4477: 'scanf_s' : 서식 문자열 '%24s'에 'unsigned int' 형식의 인수가 필요하지만 variadic 인수 2의 형식이 'size_t'입니다.
C:\Users\huni9\OneDrive\바탕 화면\C++\c++\OOP 단계별 프로젝트\도서관리 프로그램\도서 관리 프로그램\도서관리 프로그램.c(82,17): message : 이 인수는 버퍼 크기로 사용됩니다.
C:\Users\huni9\OneDrive\바탕 화면\C++\c++\OOP 단계별 프로젝트\도서관리 프로그램\도서 관리 프로그램\도서관리 프로그램.c(101,17): warning C4477: 'scanf_s' : 서식 문자열 '%24s'에 'unsigned int' 형식의 인수가 필요하지만 variadic 인수 2의 형식이 'size_t'입니다.
C:\Users\huni9\OneDrive\바탕 화면\C++\c++\OOP 단계별 프로젝트\도서관리 프로그램\도서 관리 프로그램\도서관리 프로그램.c(101,17): message : 이 인수는 버퍼 크기로 사용됩니다.
C:\Users\huni9\OneDrive\바탕 화면\C++\c++\OOP 단계별 프로젝트\도서관리 프로그램\도서 관리 프로그램\도서관리 프로그램.c(130,13): warning C4477: 'scanf_s' : 서식 문자열 '%24s'에 'unsigned int' 형식의 인수가 필요하지만 variadic 인수 2의 형식이 'size_t'입니다.
C:\Users\huni9\OneDrive\바탕 화면\C++\c++\OOP 단계별 프로젝트\도서관리 프로그램\도서 관리 프로그램\도서관리 프로그램.c(130,13): message : 이 인수는 버퍼 크기로 사용됩니다.
C:\Users\huni9\OneDrive\바탕 화면\C++\c++\OOP 단계별 프로젝트\도서관리 프로그램\도서 관리 프로그램\도서관리 프로그램.c(136,36): warning C4474: 'scanf_s' : 서식 문자열에 전달된 인수가 너무 많습니다.
C:\Users\huni9\OneDrive\바탕 화면\C++\c++\OOP 단계별 프로젝트\도서관리 프로그램\도서 관리 프로그램\도서관리 프로그램.c(136,36): message : 자리 표시자 및 해당 매개 변수에는 variadic 인수가 1개 필요하지만 2개가 제공되었습니다.
C:\Users\huni9\OneDrive\바탕 화면\C++\c++\OOP 단계별 프로젝트\도서관리 프로그램\도서 관리 프로그램\도서관리 프로그램.c(159,13): warning C4477: 'scanf_s' : 서식 문자열 '%24s'에 'unsigned int' 형식의 인수가 필요하지만 variadic 인수 2의 형식이 'size_t'입니다.
C:\Users\huni9\OneDrive\바탕 화면\C++\c++\OOP 단계별 프로젝트\도서관리 프로그램\도서 관리 프로그램\도서관리 프로그램.c(159,13): message : 이 인수는 버퍼 크기로 사용됩니다.
C:\Users\huni9\OneDrive\바탕 화면\C++\c++\OOP 단계별 프로젝트\도서관리 프로그램\도서 관리 프로그램\도서관리 프로그램.c(163,41): warning C4474: 'scanf_s' : 서식 문자열에 전달된 인수가 너무 많습니다.
C:\Users\huni9\OneDrive\바탕 화면\C++\c++\OOP 단계별 프로젝트\도서관리 프로그램\도서 관리 프로그램\도서관리 프로그램.c(163,41): message : 자리 표시자 및 해당 매개 변수에는 variadic 인수가 1개 필요하지만 2개가 제공되었습니다.
C:\Users\huni9\OneDrive\바탕 화면\C++\c++\OOP 단계별 프로젝트\도서관리 프로그램\도서 관리 프로그램\도서관리 프로그램.c(194,37): warning C4474: 'scanf_s' : 서식 문자열에 전달된 인수가 너무 많습니다.
C:\Users\huni9\OneDrive\바탕 화면\C++\c++\OOP 단계별 프로젝트\도서관리 프로그램\도서 관리 프로그램\도서관리 프로그램.c(194,37): message : 자리 표시자 및 해당 매개 변수에는 variadic 인수가 1개 필요하지만 2개가 제공되었습니다.
  LINK : C:\Users\huni9\OneDrive\바탕 화면\C++\c++\OOP 단계별 프로젝트\도서관리 프로그램\도서 관리 프로그램\x64\Debug\도서 관리 프로그램.exe을(를) 찾을 수 없거나 마지막 증분 링크에 의해 빌드되지 않았습니다. 전체 링크를 수행하고 있습니다.
  도서 관리 프로그램.vcxproj -> C:\Users\huni9\OneDrive\바탕 화면\C++\c++\OOP 단계별 프로젝트\도서관리 프로그램\도서 관리 프로그램\x64\Debug\도서 관리 프로그램.exe
